INFO - 2024-06-30 19:32:14,930. В модуле "__main__" в строке 051 функция "nephrologies()" записала сообщение: Начало работы программы.
INFO - 2024-06-30 19:32:14,930. В модуле "__main__" в строке 052 функция "nephrologies()" записала сообщение: 30.06.2044
INFO - 2024-06-30 19:32:14,931. В модуле "__main__" в строке 053 функция "nephrologies()" записала сообщение: True
INFO - 2024-06-30 19:32:14,931. В модуле "__main__" в строке 054 функция "nephrologies()" записала сообщение: Программа завершила работу.
INFO - 2024-06-30 19:32:22,945. В модуле "__main__" в строке 051 функция "nephrologies()" записала сообщение: Начало работы программы.
INFO - 2024-06-30 19:32:22,950. В модуле "__main__" в строке 052 функция "nephrologies()" записала сообщение: 24.7
ERROR - 2024-06-30 19:32:22,950. В модуле "root" в строке 037 функция "valid()" записала сообщение: Произошла ошибка в valid: not enough values to unpack (expected 3, got 2)
INFO - 2024-06-30 19:32:22,951. В модуле "__main__" в строке 053 функция "nephrologies()" записала сообщение: None
INFO - 2024-06-30 19:32:22,951. В модуле "__main__" в строке 054 функция "nephrologies()" записала сообщение: Программа завершила работу.
INFO - 2024-06-30 19:32:55,521. В модуле "__main__" в строке 051 функция "nephrologies()" записала сообщение: Начало работы программы.
INFO - 2024-06-30 19:32:55,522. В модуле "__main__" в строке 052 функция "nephrologies()" записала сообщение: 29.02.2024
INFO - 2024-06-30 19:32:55,522. В модуле "__main__" в строке 053 функция "nephrologies()" записала сообщение: True
INFO - 2024-06-30 19:32:55,522. В модуле "__main__" в строке 054 функция "nephrologies()" записала сообщение: Программа завершила работу.
INFO - 2024-06-30 19:33:25,270. В модуле "__main__" в строке 051 функция "nephrologies()" записала сообщение: Начало работы программы.
INFO - 2024-06-30 19:33:25,271. В модуле "__main__" в строке 052 функция "nephrologies()" записала сообщение: 30.02.2024
INFO - 2024-06-30 19:33:25,271. В модуле "__main__" в строке 053 функция "nephrologies()" записала сообщение: False
INFO - 2024-06-30 19:33:25,271. В модуле "__main__" в строке 054 функция "nephrologies()" записала сообщение: Программа завершила работу.
INFO - 2024-06-30 19:33:50,803. В модуле "__main__" в строке 051 функция "nephrologies()" записала сообщение: Начало работы программы.
INFO - 2024-06-30 19:33:50,804. В модуле "__main__" в строке 052 функция "nephrologies()" записала сообщение: fsdfs
ERROR - 2024-06-30 19:33:50,804. В модуле "root" в строке 037 функция "valid()" записала сообщение: Произошла ошибка в valid: invalid literal for int() with base 10: 'fsdfs'
INFO - 2024-06-30 19:33:50,804. В модуле "__main__" в строке 053 функция "nephrologies()" записала сообщение: None
INFO - 2024-06-30 19:33:50,804. В модуле "__main__" в строке 054 функция "nephrologies()" записала сообщение: Программа завершила работу.
ERROR - 2024-06-30 19:33:50,805. В модуле "root" в строке 037 функция "valid()" записала сообщение: Произошла ошибка в valid: invalid literal for int() with base 10: 'fsdfs'
INFO - 2024-06-30 19:34:25,297. В модуле "__main__" в строке 051 функция "nephrologies()" записала сообщение: Начало работы программы.
INFO - 2024-06-30 19:34:25,298. В модуле "__main__" в строке 052 функция "nephrologies()" записала сообщение: cbcbzs
ERROR - 2024-06-30 19:34:25,299. В модуле "root" в строке 037 функция "valid()" записала сообщение: Произошла ошибка в valid: invalid literal for int() with base 10: 'cbcbzs'
INFO - 2024-06-30 19:34:25,299. В модуле "__main__" в строке 053 функция "nephrologies()" записала сообщение: None
INFO - 2024-06-30 19:34:25,299. В модуле "__main__" в строке 054 функция "nephrologies()" записала сообщение: Программа завершила работу.
INFO - 2024-06-30 21:50:12,988. В модуле "__main__" в строке 051 функция "nephrologies()" записала сообщение: Начало работы программы.
INFO - 2024-06-30 21:50:12,988. В модуле "__main__" в строке 052 функция "nephrologies()" записала сообщение: Бад Ил
ERROR - 2024-06-30 21:50:12,989. В модуле "root" в строке 037 функция "valid()" записала сообщение: Произошла ошибка в valid: invalid literal for int() with base 10: 'Бад Ил'
INFO - 2024-06-30 21:50:12,990. В модуле "__main__" в строке 053 функция "nephrologies()" записала сообщение: None
INFO - 2024-06-30 21:50:12,990. В модуле "__main__" в строке 054 функция "nephrologies()" записала сообщение: Программа завершила работу.
ERROR - 2024-06-30 21:50:12,990. В модуле "root" в строке 037 функция "valid()" записала сообщение: Произошла ошибка в valid: invalid literal for int() with base 10: 'Бад Ил'
